{"numFailedTestSuites":3,"numFailedTests":3,"numPassedTestSuites":20,"numPassedTests":54,"numPendingTestSuites":0,"numPendingTests":0,"numRuntimeErrorTestSuites":0,"numTodoTests":0,"numTotalTestSuites":23,"numTotalTests":57,"openHandles":[],"snapshot":{"added":0,"didUpdate":false,"failure":false,"filesAdded":0,"filesRemoved":0,"filesRemovedList":[],"filesUnmatched":0,"filesUpdated":0,"matched":0,"total":0,"unchecked":0,"uncheckedKeysByFile":[],"unmatched":0,"updated":0},"startTime":1757639074139,"success":false,"testResults":[{"assertionResults":[{"ancestorTitles":["Discipulado"],"duration":985,"failing":false,"failureDetails":[],"failureMessages":[],"fullName":"Discipulado deve listar discipulandos de um discipulador","invocations":1,"location":null,"numPassingAsserts":15,"retryReasons":[],"startAt":1757639089730,"status":"passed","title":"deve listar discipulandos de um discipulador"},{"ancestorTitles":["Discipulado"],"duration":1203,"failing":false,"failureDetails":[{"matcherResult":{"actual":404,"expected":201,"message":"\u001b[2mexpect(\u001b[22m\u001b[31mreceived\u001b[39m\u001b[2m).\u001b[22mtoBe\u001b[2m(\u001b[22m\u001b[32mexpected\u001b[39m\u001b[2m) // Object.is equality\u001b[22m\n\nExpected: \u001b[32m201\u001b[39m\nReceived: \u001b[31m404\u001b[39m","name":"toBe","pass":false}}],"failureMessages":["Error: \u001b[2mexpect(\u001b[22m\u001b[31mreceived\u001b[39m\u001b[2m).\u001b[22mtoBe\u001b[2m(\u001b[22m\u001b[32mexpected\u001b[39m\u001b[2m) // Object.is equality\u001b[22m\n\nExpected: \u001b[32m201\u001b[39m\nReceived: \u001b[31m404\u001b[39m\n    at Object.<anonymous> (/home/aldai/projetos/eklesiakonecta-backend/src/tests/discipulado.test.ts:135:26)\n    at processTicksAndRejections (node:internal/process/task_queues:95:5)"],"fullName":"Discipulado deve criar um discipulando","invocations":1,"location":null,"numPassingAsserts":5,"retryReasons":[],"startAt":1757639090716,"status":"failed","title":"deve criar um discipulando"}],"endTime":1757639092993,"message":"\u001b[1m\u001b[31m  \u001b[1m● \u001b[22m\u001b[1mDiscipulado › deve criar um discipulando\u001b[39m\u001b[22m\n\n    \u001b[2mexpect(\u001b[22m\u001b[31mreceived\u001b[39m\u001b[2m).\u001b[22mtoBe\u001b[2m(\u001b[22m\u001b[32mexpected\u001b[39m\u001b[2m) // Object.is equality\u001b[22m\n\n    Expected: \u001b[32m201\u001b[39m\n    Received: \u001b[31m404\u001b[39m\n\u001b[2m\u001b[22m\n\u001b[2m    \u001b[0m \u001b[90m 133 |\u001b[39m         })\u001b[33m;\u001b[39m\u001b[22m\n\u001b[2m     \u001b[90m 134 |\u001b[39m       console\u001b[33m.\u001b[39mlog(\u001b[32m'RES CRIAR DISCIPULANDO:'\u001b[39m\u001b[33m,\u001b[39m res\u001b[33m.\u001b[39mstatus\u001b[33m,\u001b[39m res\u001b[33m.\u001b[39mbody)\u001b[33m;\u001b[39m\u001b[22m\n\u001b[2m    \u001b[31m\u001b[1m>\u001b[22m\u001b[2m\u001b[39m\u001b[90m 135 |\u001b[39m       expect(res\u001b[33m.\u001b[39mstatus)\u001b[33m.\u001b[39mtoBe(\u001b[35m201\u001b[39m)\u001b[33m;\u001b[39m\u001b[22m\n\u001b[2m     \u001b[90m     |\u001b[39m                          \u001b[31m\u001b[1m^\u001b[22m\u001b[2m\u001b[39m\u001b[22m\n\u001b[2m     \u001b[90m 136 |\u001b[39m       expect(res\u001b[33m.\u001b[39mbody)\u001b[33m.\u001b[39mtoHaveProperty(\u001b[32m'id'\u001b[39m)\u001b[33m;\u001b[39m\u001b[22m\n\u001b[2m     \u001b[90m 137 |\u001b[39m       expect(res\u001b[33m.\u001b[39mbody\u001b[33m.\u001b[39mnome)\u001b[33m.\u001b[39mtoBe(\u001b[32m'Novo Discipulando'\u001b[39m)\u001b[33m;\u001b[39m\u001b[22m\n\u001b[2m     \u001b[90m 138 |\u001b[39m     })\u001b[33m;\u001b[39m\u001b[0m\u001b[22m\n\u001b[2m\u001b[22m\n\u001b[2m      \u001b[2mat Object.<anonymous> (\u001b[22m\u001b[2m\u001b[0m\u001b[36msrc/tests/discipulado.test.ts\u001b[39m\u001b[0m\u001b[2m:135:26)\u001b[22m\u001b[2m\u001b[22m\n","name":"/home/aldai/projetos/eklesiakonecta-backend/src/tests/discipulado.test.ts","startTime":1757639074451,"status":"failed","summary":""},{"assertionResults":[{"ancestorTitles":["Cadastro de igreja - permissões de perfis"],"duration":3654,"failing":false,"failureDetails":[],"failureMessages":[],"fullName":"Cadastro de igreja - permissões de perfis ADMIN pode criar igreja via /api/igrejas","invocations":1,"location":null,"numPassingAsserts":2,"retryReasons":[],"startAt":1757639087812,"status":"passed","title":"ADMIN pode criar igreja via /api/igrejas"},{"ancestorTitles":["Cadastro de igreja - permissões de perfis"],"duration":3331,"failing":false,"failureDetails":[{"matcherResult":{"actual":201,"expected":201,"message":"\u001b[2mexpect(\u001b[22m\u001b[31mreceived\u001b[39m\u001b[2m).\u001b[22mnot\u001b[2m.\u001b[22mtoBe\u001b[2m(\u001b[22m\u001b[32mexpected\u001b[39m\u001b[2m) // Object.is equality\u001b[22m\n\nExpected: not \u001b[32m201\u001b[39m","name":"toBe","pass":true}}],"failureMessages":["Error: \u001b[2mexpect(\u001b[22m\u001b[31mreceived\u001b[39m\u001b[2m).\u001b[22mnot\u001b[2m.\u001b[22mtoBe\u001b[2m(\u001b[22m\u001b[32mexpected\u001b[39m\u001b[2m) // Object.is equality\u001b[22m\n\nExpected: not \u001b[32m201\u001b[39m\n    at Object.<anonymous> (/home/aldai/projetos/eklesiakonecta-backend/src/tests/perfis-cadastro-igreja.spec.ts:99:26)\n    at processTicksAndRejections (node:internal/process/task_queues:95:5)"],"fullName":"Cadastro de igreja - permissões de perfis DIRIGENTE não pode criar igreja via /api/igrejas","invocations":1,"location":null,"numPassingAsserts":0,"retryReasons":[],"startAt":1757639091467,"status":"failed","title":"DIRIGENTE não pode criar igreja via /api/igrejas"},{"ancestorTitles":["Cadastro de igreja - permissões de perfis"],"duration":5270,"failing":false,"failureDetails":[],"failureMessages":[],"fullName":"Cadastro de igreja - permissões de perfis TESOUREIRO não pode criar igreja via /api/igrejas","invocations":1,"location":null,"numPassingAsserts":1,"retryReasons":[],"startAt":1757639094799,"status":"passed","title":"TESOUREIRO não pode criar igreja via /api/igrejas"},{"ancestorTitles":["Cadastro de igreja - permissões de perfis"],"duration":4224,"failing":false,"failureDetails":[],"failureMessages":[],"fullName":"Cadastro de igreja - permissões de perfis SUPERUSER pode criar igreja via /api/igrejas","invocations":1,"location":null,"numPassingAsserts":2,"retryReasons":[],"startAt":1757639100069,"status":"passed","title":"SUPERUSER pode criar igreja via /api/igrejas"},{"ancestorTitles":["Cadastro de igreja - permissões de perfis"],"duration":3368,"failing":false,"failureDetails":[],"failureMessages":[],"fullName":"Cadastro de igreja - permissões de perfis Qualquer perfil pode criar igreja via /api/cadastro-inicial","invocations":1,"location":null,"numPassingAsserts":1,"retryReasons":[],"startAt":1757639104293,"status":"passed","title":"Qualquer perfil pode criar igreja via /api/cadastro-inicial"}],"endTime":1757639109754,"message":"\u001b[1m\u001b[31m  \u001b[1m● \u001b[22m\u001b[1mCadastro de igreja - permissões de perfis › DIRIGENTE não pode criar igreja via /api/igrejas\u001b[39m\u001b[22m\n\n    \u001b[2mexpect(\u001b[22m\u001b[31mreceived\u001b[39m\u001b[2m).\u001b[22mnot\u001b[2m.\u001b[22mtoBe\u001b[2m(\u001b[22m\u001b[32mexpected\u001b[39m\u001b[2m) // Object.is equality\u001b[22m\n\n    Expected: not \u001b[32m201\u001b[39m\n\u001b[2m\u001b[22m\n\u001b[2m    \u001b[0m \u001b[90m  97 |\u001b[39m         endereco\u001b[33m:\u001b[39m \u001b[32m'Rua Dirigente, 2'\u001b[39m\u001b[22m\n\u001b[2m     \u001b[90m  98 |\u001b[39m       })\u001b[33m;\u001b[39m\u001b[22m\n\u001b[2m    \u001b[31m\u001b[1m>\u001b[22m\u001b[2m\u001b[39m\u001b[90m  99 |\u001b[39m   expect(res\u001b[33m.\u001b[39mstatus)\u001b[33m.\u001b[39mnot\u001b[33m.\u001b[39mtoBe(\u001b[35m201\u001b[39m)\u001b[33m;\u001b[39m \u001b[90m// DIRIGENTE não pode criar igreja\u001b[39m\u001b[22m\n\u001b[2m     \u001b[90m     |\u001b[39m                          \u001b[31m\u001b[1m^\u001b[22m\u001b[2m\u001b[39m\u001b[22m\n\u001b[2m     \u001b[90m 100 |\u001b[39m   })\u001b[33m;\u001b[39m\u001b[22m\n\u001b[2m     \u001b[90m 101 |\u001b[39m\u001b[22m\n\u001b[2m     \u001b[90m 102 |\u001b[39m   it(\u001b[32m'TESOUREIRO não pode criar igreja via /api/igrejas'\u001b[39m\u001b[33m,\u001b[39m \u001b[36masync\u001b[39m () \u001b[33m=>\u001b[39m {\u001b[0m\u001b[22m\n\u001b[2m\u001b[22m\n\u001b[2m      \u001b[2mat Object.<anonymous> (\u001b[22m\u001b[2m\u001b[0m\u001b[36msrc/tests/perfis-cadastro-igreja.spec.ts\u001b[39m\u001b[0m\u001b[2m:99:26)\u001b[22m\u001b[2m\u001b[22m\n","name":"/home/aldai/projetos/eklesiakonecta-backend/src/tests/perfis-cadastro-igreja.spec.ts","startTime":1757639074447,"status":"failed","summary":""},{"assertionResults":[{"ancestorTitles":["Fluxo integrado: igreja > congregação > célula > membro > offering > relatório"],"duration":3728,"failing":false,"failureDetails":[],"failureMessages":[],"fullName":"Fluxo integrado: igreja > congregação > célula > membro > offering > relatório deve criar igreja e autenticar admin","invocations":1,"location":null,"numPassingAsserts":5,"retryReasons":[],"startAt":1757639097787,"status":"passed","title":"deve criar igreja e autenticar admin"},{"ancestorTitles":["Fluxo integrado: igreja > congregação > célula > membro > offering > relatório"],"duration":1001,"failing":false,"failureDetails":[],"failureMessages":[],"fullName":"Fluxo integrado: igreja > congregação > célula > membro > offering > relatório deve criar uma congregação vinculada à igreja","invocations":1,"location":null,"numPassingAsserts":3,"retryReasons":[],"startAt":1757639101516,"status":"passed","title":"deve criar uma congregação vinculada à igreja"},{"ancestorTitles":["Fluxo integrado: igreja > congregação > célula > membro > offering > relatório"],"duration":2245,"failing":false,"failureDetails":[],"failureMessages":[],"fullName":"Fluxo integrado: igreja > congregação > célula > membro > offering > relatório deve criar uma célula vinculada à congregação","invocations":1,"location":null,"numPassingAsserts":4,"retryReasons":[],"startAt":1757639102517,"status":"passed","title":"deve criar uma célula vinculada à congregação"},{"ancestorTitles":["Fluxo integrado: igreja > congregação > célula > membro > offering > relatório"],"duration":960,"failing":false,"failureDetails":[],"failureMessages":[],"fullName":"Fluxo integrado: igreja > congregação > célula > membro > offering > relatório deve criar um membro vinculado à célula/congregação","invocations":1,"location":null,"numPassingAsserts":5,"retryReasons":[],"startAt":1757639104762,"status":"passed","title":"deve criar um membro vinculado à célula/congregação"},{"ancestorTitles":["Fluxo integrado: igreja > congregação > célula > membro > offering > relatório"],"duration":1150,"failing":false,"failureDetails":[],"failureMessages":[],"fullName":"Fluxo integrado: igreja > congregação > célula > membro > offering > relatório deve cadastrar uma offering para o membro","invocations":1,"location":null,"numPassingAsserts":5,"retryReasons":[],"startAt":1757639105722,"status":"passed","title":"deve cadastrar uma offering para o membro"},{"ancestorTitles":["Fluxo integrado: igreja > congregação > célula > membro > offering > relatório"],"duration":1306,"failing":false,"failureDetails":[],"failureMessages":[],"fullName":"Fluxo integrado: igreja > congregação > célula > membro > offering > relatório deve consultar o relatório financeiro e encontrar a offering","invocations":1,"location":null,"numPassingAsserts":3,"retryReasons":[],"startAt":1757639106872,"status":"passed","title":"deve consultar o relatório financeiro e encontrar a offering"},{"ancestorTitles":["Fluxo integrado: igreja > congregação > célula > membro > offering > relatório"],"duration":2274,"failing":false,"failureDetails":[],"failureMessages":[],"fullName":"Fluxo integrado: igreja > congregação > célula > membro > offering > relatório deve consultar o relatório de células e encontrar a célula","invocations":1,"location":null,"numPassingAsserts":2,"retryReasons":[],"startAt":1757639108178,"status":"passed","title":"deve consultar o relatório de células e encontrar a célula"}],"endTime":1757639111490,"message":"","name":"/home/aldai/projetos/eklesiakonecta-backend/src/tests/fluxo-integrado.test.ts","startTime":1757639093043,"status":"passed","summary":""},{"assertionResults":[{"ancestorTitles":["Multi-tenancy: fluxo completo e isolamento"],"duration":7147,"failing":false,"failureDetails":[],"failureMessages":[],"fullName":"Multi-tenancy: fluxo completo e isolamento deve criar duas igrejas e autenticar","invocations":1,"location":null,"numPassingAsserts":4,"retryReasons":[],"startAt":1757639114442,"status":"passed","title":"deve criar duas igrejas e autenticar"},{"ancestorTitles":["Multi-tenancy: fluxo completo e isolamento"],"duration":1111,"failing":false,"failureDetails":[],"failureMessages":[],"fullName":"Multi-tenancy: fluxo completo e isolamento deve criar congregação, célula, membro e usuário em cada igreja","invocations":1,"location":null,"numPassingAsserts":6,"retryReasons":[],"startAt":1757639121590,"status":"passed","title":"deve criar congregação, célula, membro e usuário em cada igreja"},{"ancestorTitles":["Multi-tenancy: fluxo completo e isolamento"],"duration":2240,"failing":false,"failureDetails":[],"failureMessages":[],"fullName":"Multi-tenancy: fluxo completo e isolamento deve registrar offerings (dízimo/oferta) em cada igreja e célula","invocations":1,"location":null,"numPassingAsserts":2,"retryReasons":[],"startAt":1757639122701,"status":"passed","title":"deve registrar offerings (dízimo/oferta) em cada igreja e célula"},{"ancestorTitles":["Multi-tenancy: fluxo completo e isolamento"],"duration":2488,"failing":false,"failureDetails":[],"failureMessages":[],"fullName":"Multi-tenancy: fluxo completo e isolamento deve consultar relatórios financeiros e de células, garantindo isolamento","invocations":1,"location":null,"numPassingAsserts":12,"retryReasons":[],"startAt":1757639124941,"status":"passed","title":"deve consultar relatórios financeiros e de células, garantindo isolamento"}],"endTime":1757639129410,"message":"","name":"/home/aldai/projetos/eklesiakonecta-backend/src/tests/multi-tenancy-full.test.ts","startTime":1757639109779,"status":"passed","summary":""},{"assertionResults":[{"ancestorTitles":["Multi-tenancy: isolamento entre igrejas"],"duration":8536,"failing":false,"failureDetails":[],"failureMessages":[],"fullName":"Multi-tenancy: isolamento entre igrejas deve criar duas igrejas distintas, congregações e autenticar em cada uma","invocations":1,"location":null,"numPassingAsserts":6,"retryReasons":[],"startAt":1757639115935,"status":"passed","title":"deve criar duas igrejas distintas, congregações e autenticar em cada uma"},{"ancestorTitles":["Multi-tenancy: isolamento entre igrejas"],"duration":1201,"failing":false,"failureDetails":[],"failureMessages":[],"fullName":"Multi-tenancy: isolamento entre igrejas deve criar membros em cada igreja e garantir isolamento","invocations":1,"location":null,"numPassingAsserts":2,"retryReasons":[],"startAt":1757639124471,"status":"passed","title":"deve criar membros em cada igreja e garantir isolamento"},{"ancestorTitles":["Multi-tenancy: isolamento entre igrejas"],"duration":2240,"failing":false,"failureDetails":[],"failureMessages":[],"fullName":"Multi-tenancy: isolamento entre igrejas não deve permitir que igreja A veja membros da igreja B","invocations":1,"location":null,"numPassingAsserts":3,"retryReasons":[],"startAt":1757639125672,"status":"passed","title":"não deve permitir que igreja A veja membros da igreja B"},{"ancestorTitles":["Multi-tenancy: isolamento entre igrejas"],"duration":2242,"failing":false,"failureDetails":[],"failureMessages":[],"fullName":"Multi-tenancy: isolamento entre igrejas não deve permitir que igreja B veja membros da igreja A","invocations":1,"location":null,"numPassingAsserts":3,"retryReasons":[],"startAt":1757639127912,"status":"passed","title":"não deve permitir que igreja B veja membros da igreja A"}],"endTime":1757639131143,"message":"","name":"/home/aldai/projetos/eklesiakonecta-backend/src/tests/multi-tenancy.test.ts","startTime":1757639111509,"status":"passed","summary":""},{"assertionResults":[{"ancestorTitles":["Testes básicos do Eklesia Konecta"],"duration":1067,"failing":false,"failureDetails":[],"failureMessages":[],"fullName":"Testes básicos do Eklesia Konecta GET / deve retornar status 200 e mensagem","invocations":1,"location":null,"numPassingAsserts":2,"retryReasons":[],"startAt":1757639134111,"status":"passed","title":"GET / deve retornar status 200 e mensagem"},{"ancestorTitles":["Testes básicos do Eklesia Konecta"],"duration":1217,"failing":false,"failureDetails":[],"failureMessages":[],"fullName":"Testes básicos do Eklesia Konecta GET /api-docs/ deve retornar status aceitável","invocations":1,"location":null,"numPassingAsserts":1,"retryReasons":[],"startAt":1757639135178,"status":"passed","title":"GET /api-docs/ deve retornar status aceitável"},{"ancestorTitles":["Testes básicos do Eklesia Konecta"],"duration":1052,"failing":false,"failureDetails":[],"failureMessages":[],"fullName":"Testes básicos do Eklesia Konecta GET /api-docs (redirect) deve retornar status aceitável","invocations":1,"location":null,"numPassingAsserts":1,"retryReasons":[],"startAt":1757639136395,"status":"passed","title":"GET /api-docs (redirect) deve retornar status aceitável"},{"ancestorTitles":["Testes básicos do Eklesia Konecta"],"duration":1009,"failing":false,"failureDetails":[],"failureMessages":[],"fullName":"Testes básicos do Eklesia Konecta GET /rota-inexistente deve retornar algum status conhecido","invocations":1,"location":null,"numPassingAsserts":1,"retryReasons":[],"startAt":1757639137447,"status":"passed","title":"GET /rota-inexistente deve retornar algum status conhecido"},{"ancestorTitles":["Testes básicos do Eklesia Konecta"],"duration":967,"failing":false,"failureDetails":[],"failureMessages":[],"fullName":"Testes básicos do Eklesia Konecta GET /uploads/arquivo-inexistente.png deve retornar algum status conhecido","invocations":1,"location":null,"numPassingAsserts":1,"retryReasons":[],"startAt":1757639138456,"status":"passed","title":"GET /uploads/arquivo-inexistente.png deve retornar algum status conhecido"},{"ancestorTitles":["Testes básicos do Eklesia Konecta"],"duration":2380,"failing":false,"failureDetails":[],"failureMessages":[],"fullName":"Testes básicos do Eklesia Konecta POST /api/auth/login sem dados deve retornar 400","invocations":1,"location":null,"numPassingAsserts":1,"retryReasons":[],"startAt":1757639139423,"status":"passed","title":"POST /api/auth/login sem dados deve retornar 400"},{"ancestorTitles":["Testes básicos do Eklesia Konecta"],"duration":1587,"failing":false,"failureDetails":[],"failureMessages":[],"fullName":"Testes básicos do Eklesia Konecta GET /api/usuarios sem token deve retornar 401","invocations":1,"location":null,"numPassingAsserts":1,"retryReasons":[],"startAt":1757639141803,"status":"passed","title":"GET /api/usuarios sem token deve retornar 401"}],"endTime":1757639144830,"message":"","name":"/home/aldai/projetos/eklesiakonecta-backend/src/tests/app.test.ts","startTime":1757639129422,"status":"passed","summary":""},{"assertionResults":[{"ancestorTitles":["Células"],"duration":1301,"failing":false,"failureDetails":[],"failureMessages":[],"fullName":"Células deve criar uma célula","invocations":1,"location":null,"numPassingAsserts":5,"retryReasons":[],"startAt":1757639138584,"status":"passed","title":"deve criar uma célula"},{"ancestorTitles":["Células"],"duration":2503,"failing":false,"failureDetails":[],"failureMessages":[],"fullName":"Células deve listar as células","invocations":1,"location":null,"numPassingAsserts":1,"retryReasons":[],"startAt":1757639139886,"status":"passed","title":"deve listar as células"},{"ancestorTitles":["Células"],"duration":1629,"failing":false,"failureDetails":[],"failureMessages":[],"fullName":"Células deve atualizar uma célula","invocations":1,"location":null,"numPassingAsserts":3,"retryReasons":[],"startAt":1757639142389,"status":"passed","title":"deve atualizar uma célula"},{"ancestorTitles":["Células"],"duration":1838,"failing":false,"failureDetails":[],"failureMessages":[],"fullName":"Células deve excluir uma célula","invocations":1,"location":null,"numPassingAsserts":4,"retryReasons":[],"startAt":1757639144018,"status":"passed","title":"deve excluir uma célula"}],"endTime":1757639147065,"message":"","name":"/home/aldai/projetos/eklesiakonecta-backend/src/tests/celula.test.ts","startTime":1757639131152,"status":"passed","summary":""},{"assertionResults":[{"ancestorTitles":["Relatórios"],"duration":1401,"failing":false,"failureDetails":[],"failureMessages":[],"fullName":"Relatórios deve gerar relatório de células","invocations":1,"location":null,"numPassingAsserts":3,"retryReasons":[],"startAt":1757639152879,"status":"passed","title":"deve gerar relatório de células"},{"ancestorTitles":["Relatórios"],"duration":1237,"failing":false,"failureDetails":[],"failureMessages":[],"fullName":"Relatórios deve gerar relatório financeiro","invocations":1,"location":null,"numPassingAsserts":1,"retryReasons":[],"startAt":1757639154281,"status":"passed","title":"deve gerar relatório financeiro"},{"ancestorTitles":["Relatórios"],"duration":2519,"failing":false,"failureDetails":[],"failureMessages":[],"fullName":"Relatórios deve gerar relatório de discipulado","invocations":1,"location":null,"numPassingAsserts":1,"retryReasons":[],"startAt":1757639155519,"status":"passed","title":"deve gerar relatório de discipulado"}],"endTime":1757639160195,"message":"","name":"/home/aldai/projetos/eklesiakonecta-backend/src/tests/relatorios.test.ts","startTime":1757639144845,"status":"passed","summary":""},{"assertionResults":[{"ancestorTitles":["Usuário Controller"],"duration":2510,"failing":false,"failureDetails":[],"failureMessages":[],"fullName":"Usuário Controller deve cadastrar um novo usuário","invocations":1,"location":null,"numPassingAsserts":7,"retryReasons":[],"startAt":1757639155033,"status":"passed","title":"deve cadastrar um novo usuário"},{"ancestorTitles":["Usuário Controller"],"duration":2019,"failing":false,"failureDetails":[],"failureMessages":[],"fullName":"Usuário Controller deve listar usuários","invocations":1,"location":null,"numPassingAsserts":3,"retryReasons":[],"startAt":1757639157544,"status":"passed","title":"deve listar usuários"},{"ancestorTitles":["Usuário Controller"],"duration":1324,"failing":false,"failureDetails":[],"failureMessages":[],"fullName":"Usuário Controller deve autenticar um usuário e retornar token","invocations":1,"location":null,"numPassingAsserts":4,"retryReasons":[],"startAt":1757639159563,"status":"passed","title":"deve autenticar um usuário e retornar token"}],"endTime":1757639161801,"message":"","name":"/home/aldai/projetos/eklesiakonecta-backend/src/tests/usuario.controller.spec.ts","startTime":1757639147084,"status":"passed","summary":""},{"assertionResults":[{"ancestorTitles":["Church Controller"],"duration":3214,"failing":false,"failureDetails":[],"failureMessages":[],"fullName":"Church Controller deve criar uma igreja","invocations":1,"location":null,"numPassingAsserts":2,"retryReasons":[],"startAt":1757639164595,"status":"passed","title":"deve criar uma igreja"},{"ancestorTitles":["Church Controller"],"duration":1008,"failing":false,"failureDetails":[],"failureMessages":[],"fullName":"Church Controller deve listar igrejas","invocations":1,"location":null,"numPassingAsserts":2,"retryReasons":[],"startAt":1757639167810,"status":"passed","title":"deve listar igrejas"}],"endTime":1757639169882,"message":"","name":"/home/aldai/projetos/eklesiakonecta-backend/src/tests/church.controller.spec.ts","startTime":1757639160202,"status":"passed","summary":""},{"assertionResults":[{"ancestorTitles":["List User Controller"],"duration":1256,"failing":false,"failureDetails":[],"failureMessages":[],"fullName":"List User Controller deve listar usuários","invocations":1,"location":null,"numPassingAsserts":4,"retryReasons":[],"startAt":1757639168831,"status":"passed","title":"deve listar usuários"}],"endTime":1757639170978,"message":"","name":"/home/aldai/projetos/eklesiakonecta-backend/src/tests/listUser.controller.spec.ts","startTime":1757639161814,"status":"passed","summary":""},{"assertionResults":[{"ancestorTitles":["Autorização por perfis (tenant_test)"],"duration":1248,"failing":false,"failureDetails":[],"failureMessages":[],"fullName":"Autorização por perfis (tenant_test) SUPERUSER deve acessar rota protegida de usuários","invocations":1,"location":null,"numPassingAsserts":1,"retryReasons":[],"startAt":1757639174473,"status":"passed","title":"SUPERUSER deve acessar rota protegida de usuários"},{"ancestorTitles":["Autorização por perfis (tenant_test)"],"duration":927,"failing":false,"failureDetails":[],"failureMessages":[],"fullName":"Autorização por perfis (tenant_test) ADMIN deve acessar listagem de usuários","invocations":1,"location":null,"numPassingAsserts":1,"retryReasons":[],"startAt":1757639175721,"status":"passed","title":"ADMIN deve acessar listagem de usuários"},{"ancestorTitles":["Autorização por perfis (tenant_test)"],"duration":1092,"failing":false,"failureDetails":[],"failureMessages":[],"fullName":"Autorização por perfis (tenant_test) Requisição sem token deve retornar 401/403","invocations":1,"location":null,"numPassingAsserts":1,"retryReasons":[],"startAt":1757639176648,"status":"passed","title":"Requisição sem token deve retornar 401/403"}],"endTime":1757639178687,"message":"","name":"/home/aldai/projetos/eklesiakonecta-backend/src/tests/autorizacao-perfis.test.ts","startTime":1757639169892,"status":"passed","summary":""},{"assertionResults":[{"ancestorTitles":["Remove User Controller"],"duration":1552,"failing":false,"failureDetails":[],"failureMessages":[],"fullName":"Remove User Controller deve remover um usuário","invocations":1,"location":null,"numPassingAsserts":5,"retryReasons":[],"startAt":1757639178275,"status":"passed","title":"deve remover um usuário"}],"endTime":1757639180752,"message":"","name":"/home/aldai/projetos/eklesiakonecta-backend/src/tests/removeUser.controller.spec.ts","startTime":1757639170984,"status":"passed","summary":""},{"assertionResults":[{"ancestorTitles":["Mensagens API"],"duration":1099,"failing":false,"failureDetails":[],"failureMessages":[],"fullName":"Mensagens API deve enviar mensagem interna para célula","invocations":1,"location":null,"numPassingAsserts":9,"retryReasons":[],"startAt":1757639186171,"status":"passed","title":"deve enviar mensagem interna para célula"}],"endTime":1757639188309,"message":"","name":"/home/aldai/projetos/eklesiakonecta-backend/src/tests/mensagens.test.ts","startTime":1757639178692,"status":"passed","summary":""},{"assertionResults":[{"ancestorTitles":[],"duration":1062,"failing":false,"failureDetails":[],"failureMessages":[],"fullName":"should create a tithe","invocations":1,"location":null,"numPassingAsserts":17,"retryReasons":[],"startAt":1757639188196,"status":"passed","title":"should create a tithe"}],"endTime":1757639190134,"message":"","name":"/home/aldai/projetos/eklesiakonecta-backend/src/tests/offering.controller.spec.ts","startTime":1757639180764,"status":"passed","summary":""},{"assertionResults":[{"ancestorTitles":["Update User Controller"],"duration":1117,"failing":false,"failureDetails":[],"failureMessages":[],"fullName":"Update User Controller deve atualizar um usuário","invocations":1,"location":null,"numPassingAsserts":5,"retryReasons":[],"startAt":1757639195463,"status":"passed","title":"deve atualizar um usuário"}],"endTime":1757639197440,"message":"","name":"/home/aldai/projetos/eklesiakonecta-backend/src/tests/updateUser.controller.spec.ts","startTime":1757639188324,"status":"passed","summary":""},{"assertionResults":[{"ancestorTitles":[],"duration":3712,"failing":false,"failureDetails":[],"failureMessages":[],"fullName":"deve remover uma igreja","invocations":1,"location":null,"numPassingAsserts":2,"retryReasons":[],"startAt":1757639194508,"status":"passed","title":"deve remover uma igreja"}],"endTime":1757639199121,"message":"","name":"/home/aldai/projetos/eklesiakonecta-backend/src/tests/removeChurch.controller.spec.ts","startTime":1757639190143,"status":"passed","summary":""},{"assertionResults":[{"ancestorTitles":["Financeiro (tenant_test)"],"duration":992,"failing":false,"failureDetails":[],"failureMessages":[],"fullName":"Financeiro (tenant_test) cadastra offering","invocations":1,"location":null,"numPassingAsserts":1,"retryReasons":[],"startAt":1757639203615,"status":"passed","title":"cadastra offering"},{"ancestorTitles":["Financeiro (tenant_test)"],"duration":1997,"failing":false,"failureDetails":[],"failureMessages":[],"fullName":"Financeiro (tenant_test) lista offerings","invocations":1,"location":null,"numPassingAsserts":1,"retryReasons":[],"startAt":1757639204608,"status":"passed","title":"lista offerings"}],"endTime":1757639207618,"message":"","name":"/home/aldai/projetos/eklesiakonecta-backend/src/tests/financeiro.test.ts","startTime":1757639199128,"status":"passed","summary":""},{"assertionResults":[{"ancestorTitles":[],"duration":4876,"failing":false,"failureDetails":[],"failureMessages":[],"fullName":"deve cadastrar uma nova igreja","invocations":1,"location":null,"numPassingAsserts":2,"retryReasons":[],"startAt":1757639202022,"status":"passed","title":"deve cadastrar uma nova igreja"}],"endTime":1757639208087,"message":"","name":"/home/aldai/projetos/eklesiakonecta-backend/src/tests/newigreja.controller.spec.ts","startTime":1757639197446,"status":"passed","summary":""},{"assertionResults":[{"ancestorTitles":[],"duration":3651,"failing":false,"failureDetails":[],"failureMessages":[],"fullName":"deve atualizar uma igreja","invocations":1,"location":null,"numPassingAsserts":2,"retryReasons":[],"startAt":1757639211795,"status":"passed","title":"deve atualizar uma igreja"}],"endTime":1757639217536,"message":"","name":"/home/aldai/projetos/eklesiakonecta-backend/src/tests/updateChurch.controller.spec.ts","startTime":1757639207623,"status":"passed","summary":""},{"assertionResults":[{"ancestorTitles":["Superuser pode criar igreja"],"duration":3602,"failing":false,"failureDetails":[],"failureMessages":[],"fullName":"Superuser pode criar igreja deve permitir que o superuser crie uma nova igreja","invocations":1,"location":null,"numPassingAsserts":3,"retryReasons":[],"startAt":1757639212458,"status":"passed","title":"deve permitir que o superuser crie uma nova igreja"}],"endTime":1757639218212,"message":"","name":"/home/aldai/projetos/eklesiakonecta-backend/src/tests/superuser-church.spec.ts","startTime":1757639208093,"status":"passed","summary":""},{"assertionResults":[{"ancestorTitles":["Financeiro Snapshot (tenant_test)"],"duration":2136,"failing":false,"failureDetails":[{}],"failureMessages":["Error: Falha no login de teste (admin@tenant.test) status=401 body={\"error\":\"Usuário ou senha inválidos.\"}\n    at loginTestUser (/home/aldai/projetos/eklesiakonecta-backend/src/tests/utils/loginTestUser.ts:10:11)\n    at processTicksAndRejections (node:internal/process/task_queues:95:5)\n    at Object.<anonymous> (/home/aldai/projetos/eklesiakonecta-backend/src/tests/financeiro-snapshot.test.ts:16:13)"],"fullName":"Financeiro Snapshot (tenant_test) gera e recomputa snapshot mensal (sem reset intermediário)","invocations":1,"location":null,"numPassingAsserts":0,"retryReasons":[],"startAt":1757639221774,"status":"failed","title":"gera e recomputa snapshot mensal (sem reset intermediário)"}],"endTime":1757639226090,"message":"\u001b[1m\u001b[31m  \u001b[1m● \u001b[22m\u001b[1mFinanceiro Snapshot (tenant_test) › gera e recomputa snapshot mensal (sem reset intermediário)\u001b[39m\u001b[22m\n\n    Falha no login de teste (admin@tenant.test) status=401 body={\"error\":\"Usuário ou senha inválidos.\"}\n\u001b[2m\u001b[22m\n\u001b[2m    \u001b[0m \u001b[90m  8 |\u001b[39m     \u001b[33m.\u001b[39msend({ email\u001b[33m,\u001b[39m senha })\u001b[33m;\u001b[39m\u001b[22m\n\u001b[2m     \u001b[90m  9 |\u001b[39m   \u001b[36mif\u001b[39m (res\u001b[33m.\u001b[39mstatus \u001b[33m!==\u001b[39m \u001b[35m200\u001b[39m) {\u001b[22m\n\u001b[2m    \u001b[31m\u001b[1m>\u001b[22m\u001b[2m\u001b[39m\u001b[90m 10 |\u001b[39m     \u001b[36mthrow\u001b[39m \u001b[36mnew\u001b[39m \u001b[33mError\u001b[39m(\u001b[32m`Falha no login de teste (${email}) status=${res.status} body=${JSON.stringify(res.body)}`\u001b[39m)\u001b[33m;\u001b[39m\u001b[22m\n\u001b[2m     \u001b[90m    |\u001b[39m           \u001b[31m\u001b[1m^\u001b[22m\u001b[2m\u001b[39m\u001b[22m\n\u001b[2m     \u001b[90m 11 |\u001b[39m   }\u001b[22m\n\u001b[2m     \u001b[90m 12 |\u001b[39m   \u001b[36mreturn\u001b[39m res\u001b[33m.\u001b[39mbody\u001b[33m.\u001b[39mtoken \u001b[36mas\u001b[39m string\u001b[33m;\u001b[39m\u001b[22m\n\u001b[2m     \u001b[90m 13 |\u001b[39m }\u001b[0m\u001b[22m\n\u001b[2m\u001b[22m\n\u001b[2m      \u001b[2mat loginTestUser (\u001b[22m\u001b[2msrc/tests/utils/loginTestUser.ts\u001b[2m:10:11)\u001b[22m\u001b[2m\u001b[22m\n\u001b[2m      \u001b[2mat Object.<anonymous> (\u001b[22m\u001b[2m\u001b[0m\u001b[36msrc/tests/financeiro-snapshot.test.ts\u001b[39m\u001b[0m\u001b[2m:16:13)\u001b[22m\u001b[2m\u001b[22m\n","name":"/home/aldai/projetos/eklesiakonecta-backend/src/tests/financeiro-snapshot.test.ts","startTime":1757639217542,"status":"failed","summary":""},{"assertionResults":[{"ancestorTitles":[],"duration":2010,"failing":false,"failureDetails":[],"failureMessages":[],"fullName":"deve listar igrejas","invocations":1,"location":null,"numPassingAsserts":2,"retryReasons":[],"startAt":1757639223629,"status":"passed","title":"deve listar igrejas"}],"endTime":1757639226689,"message":"","name":"/home/aldai/projetos/eklesiakonecta-backend/src/tests/listChurc.controller.spec.ts","startTime":1757639218217,"status":"passed","summary":""}],"wasInterrupted":false}
